<?xml version="1.0" encoding="UTF-8"?>
<testsuite xmlns:xsi="http://www.w3.org/2001/XMLSchema-instance" xsi:noNamespaceSchemaLocation="https://maven.apache.org/surefire/maven-surefire-plugin/xsd/surefire-test-report-3.0.xsd" version="3.0" name="com.daming.ip2region.util.IpUtilsTest" time="0.135" tests="7" errors="0" skipped="0" failures="0">
  <properties>
    <property name="java.specification.version" value="21"/>
    <property name="sun.cpu.isalist" value="amd64"/>
    <property name="sun.jnu.encoding" value="GBK"/>
    <property name="java.class.path" value="D:\java\springbootCase\ip2region\target\test-classes;D:\java\springbootCase\ip2region\target\classes;C:\Daming\maven\repository\org\springframework\boot\spring-boot-starter-web\3.3.4\spring-boot-starter-web-3.3.4.jar;C:\Daming\maven\repository\org\springframework\boot\spring-boot-starter\3.3.4\spring-boot-starter-3.3.4.jar;C:\Daming\maven\repository\org\springframework\boot\spring-boot-autoconfigure\3.3.4\spring-boot-autoconfigure-3.3.4.jar;C:\Daming\maven\repository\org\springframework\boot\spring-boot-starter-logging\3.3.4\spring-boot-starter-logging-3.3.4.jar;C:\Daming\maven\repository\ch\qos\logback\logback-classic\1.5.8\logback-classic-1.5.8.jar;C:\Daming\maven\repository\ch\qos\logback\logback-core\1.5.8\logback-core-1.5.8.jar;C:\Daming\maven\repository\org\slf4j\slf4j-api\2.0.16\slf4j-api-2.0.16.jar;C:\Daming\maven\repository\org\apache\logging\log4j\log4j-to-slf4j\2.23.1\log4j-to-slf4j-2.23.1.jar;C:\Daming\maven\repository\org\apache\logging\log4j\log4j-api\2.23.1\log4j-api-2.23.1.jar;C:\Daming\maven\repository\org\slf4j\jul-to-slf4j\2.0.16\jul-to-slf4j-2.0.16.jar;C:\Daming\maven\repository\jakarta\annotation\jakarta.annotation-api\2.1.1\jakarta.annotation-api-2.1.1.jar;C:\Daming\maven\repository\org\springframework\spring-core\6.1.13\spring-core-6.1.13.jar;C:\Daming\maven\repository\org\springframework\spring-jcl\6.1.13\spring-jcl-6.1.13.jar;C:\Daming\maven\repository\org\yaml\snakeyaml\2.2\snakeyaml-2.2.jar;C:\Daming\maven\repository\org\springframework\boot\spring-boot-starter-json\3.3.4\spring-boot-starter-json-3.3.4.jar;C:\Daming\maven\repository\com\fasterxml\jackson\core\jackson-databind\2.17.2\jackson-databind-2.17.2.jar;C:\Daming\maven\repository\com\fasterxml\jackson\core\jackson-annotations\2.17.2\jackson-annotations-2.17.2.jar;C:\Daming\maven\repository\com\fasterxml\jackson\core\jackson-core\2.17.2\jackson-core-2.17.2.jar;C:\Daming\maven\repository\com\fasterxml\jackson\datatype\jackson-datatype-jdk8\2.17.2\jackson-datatype-jdk8-2.17.2.jar;C:\Daming\maven\repository\com\fasterxml\jackson\datatype\jackson-datatype-jsr310\2.17.2\jackson-datatype-jsr310-2.17.2.jar;C:\Daming\maven\repository\com\fasterxml\jackson\module\jackson-module-parameter-names\2.17.2\jackson-module-parameter-names-2.17.2.jar;C:\Daming\maven\repository\org\springframework\boot\spring-boot-starter-tomcat\3.3.4\spring-boot-starter-tomcat-3.3.4.jar;C:\Daming\maven\repository\org\apache\tomcat\embed\tomcat-embed-core\10.1.30\tomcat-embed-core-10.1.30.jar;C:\Daming\maven\repository\org\apache\tomcat\embed\tomcat-embed-el\10.1.30\tomcat-embed-el-10.1.30.jar;C:\Daming\maven\repository\org\apache\tomcat\embed\tomcat-embed-websocket\10.1.30\tomcat-embed-websocket-10.1.30.jar;C:\Daming\maven\repository\org\springframework\spring-web\6.1.13\spring-web-6.1.13.jar;C:\Daming\maven\repository\org\springframework\spring-beans\6.1.13\spring-beans-6.1.13.jar;C:\Daming\maven\repository\io\micrometer\micrometer-observation\1.13.4\micrometer-observation-1.13.4.jar;C:\Daming\maven\repository\io\micrometer\micrometer-commons\1.13.4\micrometer-commons-1.13.4.jar;C:\Daming\maven\repository\org\springframework\spring-webmvc\6.1.13\spring-webmvc-6.1.13.jar;C:\Daming\maven\repository\org\springframework\spring-aop\6.1.13\spring-aop-6.1.13.jar;C:\Daming\maven\repository\org\springframework\spring-context\6.1.13\spring-context-6.1.13.jar;C:\Daming\maven\repository\org\springframework\spring-expression\6.1.13\spring-expression-6.1.13.jar;C:\Daming\maven\repository\org\springframework\boot\spring-boot-test\3.3.4\spring-boot-test-3.3.4.jar;C:\Daming\maven\repository\org\springframework\boot\spring-boot\3.3.4\spring-boot-3.3.4.jar;C:\Daming\maven\repository\org\springframework\spring-test\6.1.13\spring-test-6.1.13.jar;C:\Daming\maven\repository\junit\junit\4.12\junit-4.12.jar;C:\Daming\maven\repository\org\hamcrest\hamcrest-core\2.2\hamcrest-core-2.2.jar;C:\Daming\maven\repository\org\hamcrest\hamcrest\2.2\hamcrest-2.2.jar;C:\Daming\maven\repository\org\apache\commons\commons-lang3\3.8.1\commons-lang3-3.8.1.jar;C:\Daming\maven\repository\org\lionsoul\ip2region\2.7.0\ip2region-2.7.0.jar;C:\Daming\maven\repository\eu\bitwalker\UserAgentUtils\1.21\UserAgentUtils-1.21.jar;"/>
    <property name="java.vm.vendor" value="Oracle Corporation"/>
    <property name="sun.arch.data.model" value="64"/>
    <property name="user.variant" value=""/>
    <property name="java.vendor.url" value="https://java.oracle.com/"/>
    <property name="user.timezone" value="Asia/Shanghai"/>
    <property name="os.name" value="Windows 10"/>
    <property name="java.vm.specification.version" value="21"/>
    <property name="sun.java.launcher" value="SUN_STANDARD"/>
    <property name="user.country" value="CN"/>
    <property name="sun.boot.library.path" value="C:\Users\li\.jdks\openjdk-21.0.1\bin"/>
    <property name="sun.java.command" value="C:\Users\li\AppData\Local\Temp\surefire18424192421187200738\surefirebooter-20241016111555059_3.jar C:\Users\li\AppData\Local\Temp\surefire18424192421187200738 2024-10-16T11-15-54_969-jvmRun1 surefire-20241016111555059_1tmp surefire_0-20241016111555059_2tmp"/>
    <property name="jdk.debug" value="release"/>
    <property name="surefire.test.class.path" value="D:\java\springbootCase\ip2region\target\test-classes;D:\java\springbootCase\ip2region\target\classes;C:\Daming\maven\repository\org\springframework\boot\spring-boot-starter-web\3.3.4\spring-boot-starter-web-3.3.4.jar;C:\Daming\maven\repository\org\springframework\boot\spring-boot-starter\3.3.4\spring-boot-starter-3.3.4.jar;C:\Daming\maven\repository\org\springframework\boot\spring-boot-autoconfigure\3.3.4\spring-boot-autoconfigure-3.3.4.jar;C:\Daming\maven\repository\org\springframework\boot\spring-boot-starter-logging\3.3.4\spring-boot-starter-logging-3.3.4.jar;C:\Daming\maven\repository\ch\qos\logback\logback-classic\1.5.8\logback-classic-1.5.8.jar;C:\Daming\maven\repository\ch\qos\logback\logback-core\1.5.8\logback-core-1.5.8.jar;C:\Daming\maven\repository\org\slf4j\slf4j-api\2.0.16\slf4j-api-2.0.16.jar;C:\Daming\maven\repository\org\apache\logging\log4j\log4j-to-slf4j\2.23.1\log4j-to-slf4j-2.23.1.jar;C:\Daming\maven\repository\org\apache\logging\log4j\log4j-api\2.23.1\log4j-api-2.23.1.jar;C:\Daming\maven\repository\org\slf4j\jul-to-slf4j\2.0.16\jul-to-slf4j-2.0.16.jar;C:\Daming\maven\repository\jakarta\annotation\jakarta.annotation-api\2.1.1\jakarta.annotation-api-2.1.1.jar;C:\Daming\maven\repository\org\springframework\spring-core\6.1.13\spring-core-6.1.13.jar;C:\Daming\maven\repository\org\springframework\spring-jcl\6.1.13\spring-jcl-6.1.13.jar;C:\Daming\maven\repository\org\yaml\snakeyaml\2.2\snakeyaml-2.2.jar;C:\Daming\maven\repository\org\springframework\boot\spring-boot-starter-json\3.3.4\spring-boot-starter-json-3.3.4.jar;C:\Daming\maven\repository\com\fasterxml\jackson\core\jackson-databind\2.17.2\jackson-databind-2.17.2.jar;C:\Daming\maven\repository\com\fasterxml\jackson\core\jackson-annotations\2.17.2\jackson-annotations-2.17.2.jar;C:\Daming\maven\repository\com\fasterxml\jackson\core\jackson-core\2.17.2\jackson-core-2.17.2.jar;C:\Daming\maven\repository\com\fasterxml\jackson\datatype\jackson-datatype-jdk8\2.17.2\jackson-datatype-jdk8-2.17.2.jar;C:\Daming\maven\repository\com\fasterxml\jackson\datatype\jackson-datatype-jsr310\2.17.2\jackson-datatype-jsr310-2.17.2.jar;C:\Daming\maven\repository\com\fasterxml\jackson\module\jackson-module-parameter-names\2.17.2\jackson-module-parameter-names-2.17.2.jar;C:\Daming\maven\repository\org\springframework\boot\spring-boot-starter-tomcat\3.3.4\spring-boot-starter-tomcat-3.3.4.jar;C:\Daming\maven\repository\org\apache\tomcat\embed\tomcat-embed-core\10.1.30\tomcat-embed-core-10.1.30.jar;C:\Daming\maven\repository\org\apache\tomcat\embed\tomcat-embed-el\10.1.30\tomcat-embed-el-10.1.30.jar;C:\Daming\maven\repository\org\apache\tomcat\embed\tomcat-embed-websocket\10.1.30\tomcat-embed-websocket-10.1.30.jar;C:\Daming\maven\repository\org\springframework\spring-web\6.1.13\spring-web-6.1.13.jar;C:\Daming\maven\repository\org\springframework\spring-beans\6.1.13\spring-beans-6.1.13.jar;C:\Daming\maven\repository\io\micrometer\micrometer-observation\1.13.4\micrometer-observation-1.13.4.jar;C:\Daming\maven\repository\io\micrometer\micrometer-commons\1.13.4\micrometer-commons-1.13.4.jar;C:\Daming\maven\repository\org\springframework\spring-webmvc\6.1.13\spring-webmvc-6.1.13.jar;C:\Daming\maven\repository\org\springframework\spring-aop\6.1.13\spring-aop-6.1.13.jar;C:\Daming\maven\repository\org\springframework\spring-context\6.1.13\spring-context-6.1.13.jar;C:\Daming\maven\repository\org\springframework\spring-expression\6.1.13\spring-expression-6.1.13.jar;C:\Daming\maven\repository\org\springframework\boot\spring-boot-test\3.3.4\spring-boot-test-3.3.4.jar;C:\Daming\maven\repository\org\springframework\boot\spring-boot\3.3.4\spring-boot-3.3.4.jar;C:\Daming\maven\repository\org\springframework\spring-test\6.1.13\spring-test-6.1.13.jar;C:\Daming\maven\repository\junit\junit\4.12\junit-4.12.jar;C:\Daming\maven\repository\org\hamcrest\hamcrest-core\2.2\hamcrest-core-2.2.jar;C:\Daming\maven\repository\org\hamcrest\hamcrest\2.2\hamcrest-2.2.jar;C:\Daming\maven\repository\org\apache\commons\commons-lang3\3.8.1\commons-lang3-3.8.1.jar;C:\Daming\maven\repository\org\lionsoul\ip2region\2.7.0\ip2region-2.7.0.jar;C:\Daming\maven\repository\eu\bitwalker\UserAgentUtils\1.21\UserAgentUtils-1.21.jar;"/>
    <property name="sun.cpu.endian" value="little"/>
    <property name="user.home" value="C:\Users\li"/>
    <property name="user.language" value="zh"/>
    <property name="java.specification.vendor" value="Oracle Corporation"/>
    <property name="java.version.date" value="2023-10-17"/>
    <property name="java.home" value="C:\Users\li\.jdks\openjdk-21.0.1"/>
    <property name="file.separator" value="\"/>
    <property name="basedir" value="D:\java\springbootCase\ip2region"/>
    <property name="java.vm.compressedOopsMode" value="Zero based"/>
    <property name="line.separator" value="&#10;"/>
    <property name="java.vm.specification.vendor" value="Oracle Corporation"/>
    <property name="java.specification.name" value="Java Platform API Specification"/>
    <property name="surefire.real.class.path" value="C:\Users\li\AppData\Local\Temp\surefire18424192421187200738\surefirebooter-20241016111555059_3.jar"/>
    <property name="user.script" value=""/>
    <property name="sun.management.compiler" value="HotSpot 64-Bit Tiered Compilers"/>
    <property name="java.runtime.version" value="21.0.1+12-29"/>
    <property name="user.name" value="li"/>
    <property name="stdout.encoding" value="GBK"/>
    <property name="path.separator" value=";"/>
    <property name="os.version" value="10.0"/>
    <property name="java.runtime.name" value="OpenJDK Runtime Environment"/>
    <property name="file.encoding" value="UTF-8"/>
    <property name="java.vm.name" value="OpenJDK 64-Bit Server VM"/>
    <property name="localRepository" value="C:\Daming\maven\repository"/>
    <property name="java.vendor.url.bug" value="https://bugreport.java.com/bugreport/"/>
    <property name="java.io.tmpdir" value="C:\Users\li\AppData\Local\Temp\"/>
    <property name="idea.version" value="2023.3.6"/>
    <property name="java.version" value="21.0.1"/>
    <property name="user.dir" value="D:\java\springbootCase\ip2region"/>
    <property name="os.arch" value="amd64"/>
    <property name="java.vm.specification.name" value="Java Virtual Machine Specification"/>
    <property name="sun.os.patch.level" value=""/>
    <property name="native.encoding" value="GBK"/>
    <property name="java.library.path" value="C:\Users\li\.jdks\openjdk-21.0.1\bin;C:\Windows\Sun\Java\bin;C:\Windows\system32;C:\Windows;D:\app\python\Scripts\;D:\app\python\;C:\Program Files\Common Files\Oracle\Java\javapath;D:\app\JDK\17\bin;C:\Program Files\Python39\Scripts\;C:\Program Files\Python39\;C:\Windows\system32;C:\Windows;C:\Windows\System32\Wbem;C:\Windows\System32\WindowsPowerShell\v1.0\;C:\Windows\System32\OpenSSH\;C:\Users\Ge\AppData\Roaming\nvm;C:\Program Files\nodejs;C:\Program Files (x86)\NVIDIA Corporation\PhysX\Common;C:\Daming\maven\apache-maven-3.9.2\bin;D:\app\erlang\bin;C:\Daming\微信web开发者工具\dll;C:\Daming\xshell\;D:\GoIdea\bin;D:\platform-tools_r34.0.5-windows\platform-tools;C:\Daming\pyhton\Scripts;D:\reids\;C:\Program Files (x86)\NetSarang\Xftp 7\;C:\Daming\Git\Git\cmd;C:\ProgramData\chocolatey\bin;D:\sorf\android-sdk_r24.4.1-windows\android-sdk-windows\tools;D:\sorf\android-sdk_r24.4.1-windows\android-sdk-windows\platform-tools;D:\sorf\android-sdk_r24.4.1-windows\android-sdk-windows\build-tools;D:\app\erlang\bin;D:\mysql\data\bin;C:\Users\li\AppData\Local\Microsoft\WindowsApps;D:\app\IntelliJ IDEA 2023.3.6\bin;C:\Program Files\JetBrains\PhpStorm 2023.1.3\bin;D:\app\DataGrip 2023.3.4\bin;D:\app\PyCharm 2023.3.5\bin;."/>
    <property name="java.vm.info" value="mixed mode, sharing"/>
    <property name="stderr.encoding" value="GBK"/>
    <property name="java.vendor" value="Oracle Corporation"/>
    <property name="java.vm.version" value="21.0.1+12-29"/>
    <property name="sun.io.unicode.encoding" value="UnicodeLittle"/>
    <property name="maven.repo.local" value="C:\Daming\maven\repository"/>
    <property name="java.class.version" value="65.0"/>
  </properties>
  <testcase name="removeLastPartAndAllPipes" classname="com.daming.ip2region.util.IpUtilsTest" time="0.003"/>
  <testcase name="getIp" classname="com.daming.ip2region.util.IpUtilsTest" time="0.0"/>
  <testcase name="getUserAgent" classname="com.daming.ip2region.util.IpUtilsTest" time="0.0"/>
  <testcase name="getHostIp" classname="com.daming.ip2region.util.IpUtilsTest" time="0.0"/>
  <testcase name="getCityInfo" classname="com.daming.ip2region.util.IpUtilsTest" time="0.0"/>
  <testcase name="getIp2region" classname="com.daming.ip2region.util.IpUtilsTest" time="0.099">
    <system-out><![CDATA[中国 江苏省
]]></system-out>
  </testcase>
  <testcase name="getHostName" classname="com.daming.ip2region.util.IpUtilsTest" time="0.0"/>
</testsuite>